app/build/intermediates/manifest_merge_blame_file/debug/manifest-merger-blame-debug-report.txt
1<?xml version="1.0" encoding="utf-8"?>
2<manifest xmlns:android="http://schemas.android.com/apk/res/android"
3    package="com.rk.milkdairy"
4    android:versionCode="1"
5    android:versionName="1.0" >
6
7    <uses-sdk
8        android:minSdkVersion="21"
8-->src\main\AndroidManifest.xml
9        android:targetSdkVersion="32" />
9-->src\main\AndroidManifest.xml
10
11    <application
11-->src\main\AndroidManifest.xml:6:5-44:19
12        android:allowBackup="true"
12-->src\main\AndroidManifest.xml:7:9-35
13        android:appComponentFactory="androidx.core.app.CoreComponentFactory"
13-->[androidx.core:core:1.8.0] AndroidManifest.xml:24:18-86
14        android:dataExtractionRules="@xml/data_extraction_rules"
14-->src\main\AndroidManifest.xml:8:9-65
15        android:debuggable="true"
16        android:fullBackupContent="@xml/backup_rules"
16-->src\main\AndroidManifest.xml:9:9-54
17        android:icon="@drawable/md_logo"
17-->src\main\AndroidManifest.xml:10:9-41
18        android:label="@string/app_name"
18-->src\main\AndroidManifest.xml:11:9-41
19        android:roundIcon="@drawable/md_logo"
19-->src\main\AndroidManifest.xml:12:9-46
20        android:supportsRtl="true"
20-->src\main\AndroidManifest.xml:13:9-35
21        android:testOnly="true"
22        android:theme="@style/Theme.Design.Light.NoActionBar" >
22-->src\main\AndroidManifest.xml:14:9-62
23        <activity
23-->src\main\AndroidManifest.xml:16:9-19:40
24            android:name="com.rk.milkdairy.Controller.CustomerManagementActivity"
24-->src\main\AndroidManifest.xml:17:13-66
25            android:exported="false"
25-->src\main\AndroidManifest.xml:19:13-37
26            android:theme="@style/Theme.Material3.Light.NoActionBar" />
26-->src\main\AndroidManifest.xml:18:13-69
27        <activity
27-->src\main\AndroidManifest.xml:20:9-22:40
28            android:name="com.rk.milkdairy.Controller.AccountSettingsActivity"
28-->src\main\AndroidManifest.xml:21:13-63
29            android:exported="false" />
29-->src\main\AndroidManifest.xml:22:13-37
30        <activity
30-->src\main\AndroidManifest.xml:23:9-25:40
31            android:name="com.rk.milkdairy.Controller.DashboardActivity"
31-->src\main\AndroidManifest.xml:24:13-57
32            android:exported="false" />
32-->src\main\AndroidManifest.xml:25:13-37
33        <activity
33-->src\main\AndroidManifest.xml:26:9-28:40
34            android:name="com.rk.milkdairy.Controller.RegisterActivity"
34-->src\main\AndroidManifest.xml:27:13-56
35            android:exported="false" />
35-->src\main\AndroidManifest.xml:28:13-37
36        <activity
36-->src\main\AndroidManifest.xml:29:9-31:40
37            android:name="com.rk.milkdairy.Controller.LoginActivity"
37-->src\main\AndroidManifest.xml:30:13-53
38            android:exported="false" />
38-->src\main\AndroidManifest.xml:31:13-37
39        <activity
39-->src\main\AndroidManifest.xml:32:9-40:20
40            android:name="com.rk.milkdairy.Controller.SplashActivity"
40-->src\main\AndroidManifest.xml:33:13-54
41            android:exported="true" >
41-->src\main\AndroidManifest.xml:34:13-36
42            <intent-filter>
42-->src\main\AndroidManifest.xml:35:13-39:29
43                <action android:name="android.intent.action.MAIN" />
43-->src\main\AndroidManifest.xml:36:17-69
43-->src\main\AndroidManifest.xml:36:25-66
44
45                <category android:name="android.intent.category.LAUNCHER" />
45-->src\main\AndroidManifest.xml:38:17-77
45-->src\main\AndroidManifest.xml:38:27-74
46            </intent-filter>
47        </activity>
48        <activity
48-->src\main\AndroidManifest.xml:41:9-43:39
49            android:name="com.rk.milkdairy.MainActivity"
49-->src\main\AndroidManifest.xml:42:13-41
50            android:exported="true" />
50-->src\main\AndroidManifest.xml:43:13-36
51
52        <provider
52-->[androidx.emoji2:emoji2:1.0.0] AndroidManifest.xml:26:9-34:20
53            android:name="androidx.startup.InitializationProvider"
53-->[androidx.emoji2:emoji2:1.0.0] AndroidManifest.xml:27:13-67
54            android:authorities="com.rk.milkdairy.androidx-startup"
54-->[androidx.emoji2:emoji2:1.0.0] AndroidManifest.xml:28:13-68
55            android:exported="false" >
55-->[androidx.emoji2:emoji2:1.0.0] AndroidManifest.xml:29:13-37
56            <meta-data
56-->[androidx.emoji2:emoji2:1.0.0] AndroidManifest.xml:31:13-33:52
57                android:name="androidx.emoji2.text.EmojiCompatInitializer"
57-->[androidx.emoji2:emoji2:1.0.0] AndroidManifest.xml:32:17-75
58                android:value="androidx.startup" />
58-->[androidx.emoji2:emoji2:1.0.0] AndroidManifest.xml:33:17-49
59            <meta-data
59-->[androidx.lifecycle:lifecycle-process:2.4.0] AndroidManifest.xml:31:13-33:52
60                android:name="androidx.lifecycle.ProcessLifecycleInitializer"
60-->[androidx.lifecycle:lifecycle-process:2.4.0] AndroidManifest.xml:32:17-78
61                android:value="androidx.startup" />
61-->[androidx.lifecycle:lifecycle-process:2.4.0] AndroidManifest.xml:33:17-49
62        </provider>
63    </application>
64
65</manifest>